[handleMsg]:  {
  key: {
    remoteJid: '51943834699@s.whatsapp.net',
    fromMe: false,
    id: '3EB0874F19D0C9E5A64502',
    participant: undefined
  },
  messageTimestamp: 1708396462,
  pushName: 'ph barazorda',
  broadcast: false,
  message: Message {
    extendedTextMessage: ExtendedTextMessage {
      text: 'hola',
      contextInfo: [ContextInfo],
      inviteLinkGroupTypeV2: 0
    },
    messageContextInfo: MessageContextInfo {
      deviceListMetadata: [DeviceListMetadata],
      deviceListMetadataVersion: 2
    }
  },
  body: 'hola',
  name: 'ph barazorda',
  from: '51943834699'
}
[QUEUE_SE_ENVIO]:  {
  ref: 'ans_b9f1df94-653c-44d7-8580-dca6aa18c942',
  keyword: 'key_020da0e8-b30b-4f1d-b28c-b64fe3f461e9',
  answer: '¡Hola! 👋 Bienvenido al servicio de venta de polos de Skynet. Encantado de tenerte por aquí. 🎉 Te invito a explorar nuestra colección de polos de alta calidad. 🛍️ Visita nuestra página web en https://www.skynetmerchandising.com/ para descubrir las últimas tendencias y realizar tus pedidos de manera fácil y segura.',
  options: {
    media: undefined,
    buttons: [],
    capture: false,
    delay: 0,
    idle: undefined,
    ref: undefined,
    nested: [],
    keyword: {},
    callback: false
  },
  refSerialize: 'b83d10dd0afa74e1c4b14917cec6ffb1'
}
[QUEUE_SE_ENVIO]:  {
  ref: 'ans_f1dfc20c-fe6f-4c6a-bc10-3b7b8d37f1d8',
  keyword: 'ans_b9f1df94-653c-44d7-8580-dca6aa18c942',
  answer: '👕 Ofrecemos polos con diseños personalizados y exclusivos 👕',
  options: {
    media: undefined,
    buttons: [],
    capture: false,
    delay: 0,
    idle: undefined,
    ref: undefined,
    nested: [],
    keyword: {},
    callback: false
  },
  refSerialize: 'f75d1be3f3a2eb03cdad61b568d0f958'
}
[QUEUE_SE_ENVIO]:  {
  ref: 'ans_64a90fee-f7b4-47b2-8592-0c8f211ba610',
  keyword: 'ans_f1dfc20c-fe6f-4c6a-bc10-3b7b8d37f1d8',
  answer: '1.-Ver Diseños Personalizados\n2.-Ver Diseños Variados',
  options: {
    media: undefined,
    buttons: [],
    capture: true,
    delay: 0,
    idle: undefined,
    ref: undefined,
    nested: [],
    keyword: {},
    callback: true
  },
  refSerialize: 'ffb30f968d1c588426a723b098d8339f'
}
[handleMsg]:  {
  key: {
    remoteJid: '51943834699@s.whatsapp.net',
    fromMe: false,
    id: '3EB0EEE539C80DB318B206',
    participant: undefined
  },
  messageTimestamp: 1708396465,
  pushName: 'ph barazorda',
  broadcast: false,
  message: Message {
    extendedTextMessage: ExtendedTextMessage {
      text: '2',
      contextInfo: [ContextInfo],
      inviteLinkGroupTypeV2: 0
    },
    messageContextInfo: MessageContextInfo {
      deviceListMetadata: [DeviceListMetadata],
      deviceListMetadataVersion: 2
    }
  },
  body: '2',
  name: 'ph barazorda',
  from: '51943834699'
}
[handleMsg]:  {
  key: {
    remoteJid: '51943834699@s.whatsapp.net',
    fromMe: false,
    id: '3EB0271B998AEE5385046D',
    participant: undefined
  },
  messageTimestamp: 1708396468,
  pushName: 'ph barazorda',
  broadcast: false,
  message: Message {
    extendedTextMessage: ExtendedTextMessage {
      text: '2',
      contextInfo: [ContextInfo],
      inviteLinkGroupTypeV2: 0
    },
    messageContextInfo: MessageContextInfo {
      deviceListMetadata: [DeviceListMetadata],
      deviceListMetadataVersion: 2
    }
  },
  body: '2',
  name: 'ph barazorda',
  from: '51943834699'
}
[handleMsg]:  {
  key: {
    remoteJid: '51901224624@s.whatsapp.net',
    fromMe: false,
    id: '690BC697FE47D62AC937A66621D946DD',
    participant: undefined
  },
  messageTimestamp: 1708396623,
  pushName: 'Katy',
  broadcast: false,
  messageStubType: 2,
  messageStubParameters: [ 'Message absent from node' ],
  body: undefined,
  name: 'Katy',
  from: '51901224624'
}
[handleMsg]:  {
  key: {
    remoteJid: '51901224624@s.whatsapp.net',
    fromMe: false,
    id: '690BC697FE47D62AC937A66621D946DD',
    participant: undefined
  },
  messageTimestamp: 1708396624,
  pushName: 'Katy',
  broadcast: false,
  message: Message {
    extendedTextMessage: ExtendedTextMessage {
      text: 'Hola',
      previewType: 0,
      contextInfo: [ContextInfo],
      inviteLinkGroupTypeV2: 0
    },
    messageContextInfo: MessageContextInfo {
      deviceListMetadata: [DeviceListMetadata],
      deviceListMetadataVersion: 2
    }
  },
  body: 'Hola',
  name: 'Katy',
  from: '51901224624'
}
[QUEUE_SE_ENVIO]:  {
  ref: 'ans_b9f1df94-653c-44d7-8580-dca6aa18c942',
  keyword: 'key_020da0e8-b30b-4f1d-b28c-b64fe3f461e9',
  answer: '¡Hola! 👋 Bienvenido al servicio de venta de polos de Skynet. Encantado de tenerte por aquí. 🎉 Te invito a explorar nuestra colección de polos de alta calidad. 🛍️ Visita nuestra página web en https://www.skynetmerchandising.com/ para descubrir las últimas tendencias y realizar tus pedidos de manera fácil y segura.',
  options: {
    media: undefined,
    buttons: [],
    capture: false,
    delay: 0,
    idle: undefined,
    ref: undefined,
    nested: [],
    keyword: {},
    callback: false
  },
  refSerialize: 'b83d10dd0afa74e1c4b14917cec6ffb1'
}
[QUEUE_SE_ENVIO]:  {
  ref: 'ans_f1dfc20c-fe6f-4c6a-bc10-3b7b8d37f1d8',
  keyword: 'ans_b9f1df94-653c-44d7-8580-dca6aa18c942',
  answer: '👕 Ofrecemos polos con diseños personalizados y exclusivos 👕',
  options: {
    media: undefined,
    buttons: [],
    capture: false,
    delay: 0,
    idle: undefined,
    ref: undefined,
    nested: [],
    keyword: {},
    callback: false
  },
  refSerialize: 'f75d1be3f3a2eb03cdad61b568d0f958'
}
[QUEUE_SE_ENVIO]:  {
  ref: 'ans_64a90fee-f7b4-47b2-8592-0c8f211ba610',
  keyword: 'ans_f1dfc20c-fe6f-4c6a-bc10-3b7b8d37f1d8',
  answer: '1.-Ver Diseños Personalizados\n2.-Ver Diseños Variados',
  options: {
    media: undefined,
    buttons: [],
    capture: true,
    delay: 0,
    idle: undefined,
    ref: undefined,
    nested: [],
    keyword: {},
    callback: true
  },
  refSerialize: 'ffb30f968d1c588426a723b098d8339f'
}
